State 0:
          program ::= * atom
          program ::= * sexpr
          atom ::= * ATOM_SYMBOL
          atom ::= * ATOM_BOOL
          atom ::= * ATOM_CHAR
          atom ::= * ATOM_SINT64
          atom ::= * ATOM_REAL64
          atom ::= * ATOM_STRING
          sexpr ::= * CELL_FREE
          sexpr ::= * CELL_PAIR
          sexpr ::= * CELL_VECTOR
          sexpr ::= * CELL_INDEX
          sexpr ::= * CELL_APPLY
          sexpr ::= * CELL_ENVIRONMENT
          sexpr ::= * CELL_FRAME
          sexpr ::= * LPAR members RPAR
          sexpr ::= * LBR bexpr RBR
          sexpr ::= * LBR bexpr col RBR

                   ATOM_SYMBOL shift  49
                     ATOM_BOOL shift  48
                     ATOM_CHAR shift  47
                   ATOM_SINT64 shift  46
                   ATOM_REAL64 shift  45
                   ATOM_STRING shift  44
                     CELL_FREE shift  43
                     CELL_PAIR shift  42
                   CELL_VECTOR shift  41
                    CELL_INDEX shift  40
                    CELL_APPLY shift  39
              CELL_ENVIRONMENT shift  38
                    CELL_FRAME shift  37
                          LPAR shift  2
                           LBR shift  1
                       program accept
                          atom shift  21
                         sexpr shift  20

State 1:
          atom ::= * ATOM_SYMBOL
          atom ::= * ATOM_BOOL
          atom ::= * ATOM_CHAR
          atom ::= * ATOM_SINT64
          atom ::= * ATOM_REAL64
          atom ::= * ATOM_STRING
          sexpr ::= * CELL_FREE
          sexpr ::= * CELL_PAIR
          sexpr ::= * CELL_VECTOR
          sexpr ::= * CELL_INDEX
          sexpr ::= * CELL_APPLY
          sexpr ::= * CELL_ENVIRONMENT
          sexpr ::= * CELL_FRAME
          sexpr ::= * LPAR members RPAR
          sexpr ::= * LBR bexpr RBR
          sexpr ::= LBR * bexpr RBR
          sexpr ::= * LBR bexpr col RBR
          sexpr ::= LBR * bexpr col RBR
          ilist ::= * atom
          ilist ::= * sexpr
          ilist ::= * array
          list ::= * unop_expr
          list ::= * binop_expr
          list ::= * list unop_expr
     (24) members ::= *
          members ::= * list
          unop_expr ::= * ilist
          unop_expr ::= * ATOM_UNARY_OP ilist
          binop_expr ::= * unop_expr ATOM_BINARY_OP unop_expr
          bexpr ::= * members
          bexpr ::= * bexpr col list
          bexpr ::= * error
          arr_operand ::= * ATOM_SYMBOL
          arr_operand ::= * ATOM_STRING
          arr_operand ::= * sexpr
          array ::= * arr_operand LSQB list RSQB
          array ::= * array LSQB list RSQB

                   ATOM_SYMBOL shift  19
                     ATOM_BOOL shift  48
                     ATOM_CHAR shift  47
                   ATOM_SINT64 shift  46
                   ATOM_REAL64 shift  45
                   ATOM_STRING shift  18
                     CELL_FREE shift  43
                     CELL_PAIR shift  42
                   CELL_VECTOR shift  41
                    CELL_INDEX shift  40
                    CELL_APPLY shift  39
              CELL_ENVIRONMENT shift  38
                    CELL_FRAME shift  37
                          LPAR shift  2
                           LBR shift  1
                 ATOM_UNARY_OP shift  11
                         error shift  22
                          atom shift  33
                         sexpr shift  16
                       members shift  23
                         bexpr shift  12
                         ilist shift  32
                         array shift  15
                          list shift  8
                     unop_expr shift  14
                    binop_expr shift  30
                   arr_operand shift  13
                     {default} reduce 24

State 2:
          atom ::= * ATOM_SYMBOL
          atom ::= * ATOM_BOOL
          atom ::= * ATOM_CHAR
          atom ::= * ATOM_SINT64
          atom ::= * ATOM_REAL64
          atom ::= * ATOM_STRING
          sexpr ::= * CELL_FREE
          sexpr ::= * CELL_PAIR
          sexpr ::= * CELL_VECTOR
          sexpr ::= * CELL_INDEX
          sexpr ::= * CELL_APPLY
          sexpr ::= * CELL_ENVIRONMENT
          sexpr ::= * CELL_FRAME
          sexpr ::= * LPAR members RPAR
          sexpr ::= LPAR * members RPAR
          sexpr ::= * LBR bexpr RBR
          sexpr ::= * LBR bexpr col RBR
          ilist ::= * atom
          ilist ::= * sexpr
          ilist ::= * array
          list ::= * unop_expr
          list ::= * binop_expr
          list ::= * list unop_expr
     (24) members ::= *
          members ::= * list
          unop_expr ::= * ilist
          unop_expr ::= * ATOM_UNARY_OP ilist
          binop_expr ::= * unop_expr ATOM_BINARY_OP unop_expr
          arr_operand ::= * ATOM_SYMBOL
          arr_operand ::= * ATOM_STRING
          arr_operand ::= * sexpr
          array ::= * arr_operand LSQB list RSQB
          array ::= * array LSQB list RSQB

                   ATOM_SYMBOL shift  19
                     ATOM_BOOL shift  48
                     ATOM_CHAR shift  47
                   ATOM_SINT64 shift  46
                   ATOM_REAL64 shift  45
                   ATOM_STRING shift  18
                     CELL_FREE shift  43
                     CELL_PAIR shift  42
                   CELL_VECTOR shift  41
                    CELL_INDEX shift  40
                    CELL_APPLY shift  39
              CELL_ENVIRONMENT shift  38
                    CELL_FRAME shift  37
                          LPAR shift  2
                           LBR shift  1
                 ATOM_UNARY_OP shift  11
                          atom shift  33
                         sexpr shift  16
                       members shift  17
                         ilist shift  32
                         array shift  15
                          list shift  8
                     unop_expr shift  14
                    binop_expr shift  30
                   arr_operand shift  13
                     {default} reduce 24

State 3:
          atom ::= * ATOM_SYMBOL
          atom ::= * ATOM_BOOL
          atom ::= * ATOM_CHAR
          atom ::= * ATOM_SINT64
          atom ::= * ATOM_REAL64
          atom ::= * ATOM_STRING
          sexpr ::= * CELL_FREE
          sexpr ::= * CELL_PAIR
          sexpr ::= * CELL_VECTOR
          sexpr ::= * CELL_INDEX
          sexpr ::= * CELL_APPLY
          sexpr ::= * CELL_ENVIRONMENT
          sexpr ::= * CELL_FRAME
          sexpr ::= * LPAR members RPAR
          sexpr ::= * LBR bexpr RBR
          sexpr ::= * LBR bexpr col RBR
          sexpr ::= LBR bexpr col * RBR
          ilist ::= * atom
          ilist ::= * sexpr
          ilist ::= * array
          list ::= * unop_expr
          list ::= * binop_expr
          list ::= * list unop_expr
          unop_expr ::= * ilist
          unop_expr ::= * ATOM_UNARY_OP ilist
          binop_expr ::= * unop_expr ATOM_BINARY_OP unop_expr
          col ::= col * COL
          bexpr ::= bexpr col * list
          arr_operand ::= * ATOM_SYMBOL
          arr_operand ::= * ATOM_STRING
          arr_operand ::= * sexpr
          array ::= * arr_operand LSQB list RSQB
          array ::= * array LSQB list RSQB

                   ATOM_SYMBOL shift  19
                     ATOM_BOOL shift  48
                     ATOM_CHAR shift  47
                   ATOM_SINT64 shift  46
                   ATOM_REAL64 shift  45
                   ATOM_STRING shift  18
                     CELL_FREE shift  43
                     CELL_PAIR shift  42
                   CELL_VECTOR shift  41
                    CELL_INDEX shift  40
                    CELL_APPLY shift  39
              CELL_ENVIRONMENT shift  38
                    CELL_FRAME shift  37
                          LPAR shift  2
                           LBR shift  1
                           RBR shift  34
                 ATOM_UNARY_OP shift  11
                           COL shift  25
                          atom shift  33
                         sexpr shift  16
                         ilist shift  32
                         array shift  15
                          list shift  9
                     unop_expr shift  14
                    binop_expr shift  30
                   arr_operand shift  13

State 4:
          atom ::= * ATOM_SYMBOL
          atom ::= * ATOM_BOOL
          atom ::= * ATOM_CHAR
          atom ::= * ATOM_SINT64
          atom ::= * ATOM_REAL64
          atom ::= * ATOM_STRING
          sexpr ::= * CELL_FREE
          sexpr ::= * CELL_PAIR
          sexpr ::= * CELL_VECTOR
          sexpr ::= * CELL_INDEX
          sexpr ::= * CELL_APPLY
          sexpr ::= * CELL_ENVIRONMENT
          sexpr ::= * CELL_FRAME
          sexpr ::= * LPAR members RPAR
          sexpr ::= * LBR bexpr RBR
          sexpr ::= * LBR bexpr col RBR
          ilist ::= * atom
          ilist ::= * sexpr
          ilist ::= * array
          list ::= * unop_expr
          list ::= * binop_expr
          list ::= * list unop_expr
          unop_expr ::= * ilist
          unop_expr ::= * ATOM_UNARY_OP ilist
          binop_expr ::= * unop_expr ATOM_BINARY_OP unop_expr
          arr_operand ::= * ATOM_SYMBOL
          arr_operand ::= * ATOM_STRING
          arr_operand ::= * sexpr
          array ::= * arr_operand LSQB list RSQB
          array ::= arr_operand LSQB * list RSQB
          array ::= * array LSQB list RSQB

                   ATOM_SYMBOL shift  19
                     ATOM_BOOL shift  48
                     ATOM_CHAR shift  47
                   ATOM_SINT64 shift  46
                   ATOM_REAL64 shift  45
                   ATOM_STRING shift  18
                     CELL_FREE shift  43
                     CELL_PAIR shift  42
                   CELL_VECTOR shift  41
                    CELL_INDEX shift  40
                    CELL_APPLY shift  39
              CELL_ENVIRONMENT shift  38
                    CELL_FRAME shift  37
                          LPAR shift  2
                           LBR shift  1
                 ATOM_UNARY_OP shift  11
                          atom shift  33
                         sexpr shift  16
                         ilist shift  32
                         array shift  15
                          list shift  7
                     unop_expr shift  14
                    binop_expr shift  30
                   arr_operand shift  13

State 5:
          atom ::= * ATOM_SYMBOL
          atom ::= * ATOM_BOOL
          atom ::= * ATOM_CHAR
          atom ::= * ATOM_SINT64
          atom ::= * ATOM_REAL64
          atom ::= * ATOM_STRING
          sexpr ::= * CELL_FREE
          sexpr ::= * CELL_PAIR
          sexpr ::= * CELL_VECTOR
          sexpr ::= * CELL_INDEX
          sexpr ::= * CELL_APPLY
          sexpr ::= * CELL_ENVIRONMENT
          sexpr ::= * CELL_FRAME
          sexpr ::= * LPAR members RPAR
          sexpr ::= * LBR bexpr RBR
          sexpr ::= * LBR bexpr col RBR
          ilist ::= * atom
          ilist ::= * sexpr
          ilist ::= * array
          list ::= * unop_expr
          list ::= * binop_expr
          list ::= * list unop_expr
          unop_expr ::= * ilist
          unop_expr ::= * ATOM_UNARY_OP ilist
          binop_expr ::= * unop_expr ATOM_BINARY_OP unop_expr
          arr_operand ::= * ATOM_SYMBOL
          arr_operand ::= * ATOM_STRING
          arr_operand ::= * sexpr
          array ::= * arr_operand LSQB list RSQB
          array ::= * array LSQB list RSQB
          array ::= array LSQB * list RSQB

                   ATOM_SYMBOL shift  19
                     ATOM_BOOL shift  48
                     ATOM_CHAR shift  47
                   ATOM_SINT64 shift  46
                   ATOM_REAL64 shift  45
                   ATOM_STRING shift  18
                     CELL_FREE shift  43
                     CELL_PAIR shift  42
                   CELL_VECTOR shift  41
                    CELL_INDEX shift  40
                    CELL_APPLY shift  39
              CELL_ENVIRONMENT shift  38
                    CELL_FRAME shift  37
                          LPAR shift  2
                           LBR shift  1
                 ATOM_UNARY_OP shift  11
                          atom shift  33
                         sexpr shift  16
                         ilist shift  32
                         array shift  15
                          list shift  6
                     unop_expr shift  14
                    binop_expr shift  30
                   arr_operand shift  13

State 6:
          atom ::= * ATOM_SYMBOL
          atom ::= * ATOM_BOOL
          atom ::= * ATOM_CHAR
          atom ::= * ATOM_SINT64
          atom ::= * ATOM_REAL64
          atom ::= * ATOM_STRING
          sexpr ::= * CELL_FREE
          sexpr ::= * CELL_PAIR
          sexpr ::= * CELL_VECTOR
          sexpr ::= * CELL_INDEX
          sexpr ::= * CELL_APPLY
          sexpr ::= * CELL_ENVIRONMENT
          sexpr ::= * CELL_FRAME
          sexpr ::= * LPAR members RPAR
          sexpr ::= * LBR bexpr RBR
          sexpr ::= * LBR bexpr col RBR
          ilist ::= * atom
          ilist ::= * sexpr
          ilist ::= * array
          list ::= list * unop_expr
          unop_expr ::= * ilist
          unop_expr ::= * ATOM_UNARY_OP ilist
          arr_operand ::= * ATOM_SYMBOL
          arr_operand ::= * ATOM_STRING
          arr_operand ::= * sexpr
          array ::= * arr_operand LSQB list RSQB
          array ::= * array LSQB list RSQB
          array ::= array LSQB list * RSQB

                   ATOM_SYMBOL shift  19
                     ATOM_BOOL shift  48
                     ATOM_CHAR shift  47
                   ATOM_SINT64 shift  46
                   ATOM_REAL64 shift  45
                   ATOM_STRING shift  18
                     CELL_FREE shift  43
                     CELL_PAIR shift  42
                   CELL_VECTOR shift  41
                    CELL_INDEX shift  40
                    CELL_APPLY shift  39
              CELL_ENVIRONMENT shift  38
                    CELL_FRAME shift  37
                          LPAR shift  2
                           LBR shift  1
                 ATOM_UNARY_OP shift  11
                          RSQB shift  26
                          atom shift  33
                         sexpr shift  16
                         ilist shift  32
                         array shift  15
                     unop_expr shift  29
                   arr_operand shift  13

State 7:
          atom ::= * ATOM_SYMBOL
          atom ::= * ATOM_BOOL
          atom ::= * ATOM_CHAR
          atom ::= * ATOM_SINT64
          atom ::= * ATOM_REAL64
          atom ::= * ATOM_STRING
          sexpr ::= * CELL_FREE
          sexpr ::= * CELL_PAIR
          sexpr ::= * CELL_VECTOR
          sexpr ::= * CELL_INDEX
          sexpr ::= * CELL_APPLY
          sexpr ::= * CELL_ENVIRONMENT
          sexpr ::= * CELL_FRAME
          sexpr ::= * LPAR members RPAR
          sexpr ::= * LBR bexpr RBR
          sexpr ::= * LBR bexpr col RBR
          ilist ::= * atom
          ilist ::= * sexpr
          ilist ::= * array
          list ::= list * unop_expr
          unop_expr ::= * ilist
          unop_expr ::= * ATOM_UNARY_OP ilist
          arr_operand ::= * ATOM_SYMBOL
          arr_operand ::= * ATOM_STRING
          arr_operand ::= * sexpr
          array ::= * arr_operand LSQB list RSQB
          array ::= arr_operand LSQB list * RSQB
          array ::= * array LSQB list RSQB

                   ATOM_SYMBOL shift  19
                     ATOM_BOOL shift  48
                     ATOM_CHAR shift  47
                   ATOM_SINT64 shift  46
                   ATOM_REAL64 shift  45
                   ATOM_STRING shift  18
                     CELL_FREE shift  43
                     CELL_PAIR shift  42
                   CELL_VECTOR shift  41
                    CELL_INDEX shift  40
                    CELL_APPLY shift  39
              CELL_ENVIRONMENT shift  38
                    CELL_FRAME shift  37
                          LPAR shift  2
                           LBR shift  1
                 ATOM_UNARY_OP shift  11
                          RSQB shift  28
                          atom shift  33
                         sexpr shift  16
                         ilist shift  32
                         array shift  15
                     unop_expr shift  29
                   arr_operand shift  13

State 8:
          atom ::= * ATOM_SYMBOL
          atom ::= * ATOM_BOOL
          atom ::= * ATOM_CHAR
          atom ::= * ATOM_SINT64
          atom ::= * ATOM_REAL64
          atom ::= * ATOM_STRING
          sexpr ::= * CELL_FREE
          sexpr ::= * CELL_PAIR
          sexpr ::= * CELL_VECTOR
          sexpr ::= * CELL_INDEX
          sexpr ::= * CELL_APPLY
          sexpr ::= * CELL_ENVIRONMENT
          sexpr ::= * CELL_FRAME
          sexpr ::= * LPAR members RPAR
          sexpr ::= * LBR bexpr RBR
          sexpr ::= * LBR bexpr col RBR
          ilist ::= * atom
          ilist ::= * sexpr
          ilist ::= * array
          list ::= list * unop_expr
     (25) members ::= list *
          unop_expr ::= * ilist
          unop_expr ::= * ATOM_UNARY_OP ilist
          arr_operand ::= * ATOM_SYMBOL
          arr_operand ::= * ATOM_STRING
          arr_operand ::= * sexpr
          array ::= * arr_operand LSQB list RSQB
          array ::= * array LSQB list RSQB

                   ATOM_SYMBOL shift  19
                     ATOM_BOOL shift  48
                     ATOM_CHAR shift  47
                   ATOM_SINT64 shift  46
                   ATOM_REAL64 shift  45
                   ATOM_STRING shift  18
                     CELL_FREE shift  43
                     CELL_PAIR shift  42
                   CELL_VECTOR shift  41
                    CELL_INDEX shift  40
                    CELL_APPLY shift  39
              CELL_ENVIRONMENT shift  38
                    CELL_FRAME shift  37
                          LPAR shift  2
                           LBR shift  1
                 ATOM_UNARY_OP shift  11
                          atom shift  33
                         sexpr shift  16
                         ilist shift  32
                         array shift  15
                     unop_expr shift  29
                   arr_operand shift  13
                     {default} reduce 25

State 9:
          atom ::= * ATOM_SYMBOL
          atom ::= * ATOM_BOOL
          atom ::= * ATOM_CHAR
          atom ::= * ATOM_SINT64
          atom ::= * ATOM_REAL64
          atom ::= * ATOM_STRING
          sexpr ::= * CELL_FREE
          sexpr ::= * CELL_PAIR
          sexpr ::= * CELL_VECTOR
          sexpr ::= * CELL_INDEX
          sexpr ::= * CELL_APPLY
          sexpr ::= * CELL_ENVIRONMENT
          sexpr ::= * CELL_FRAME
          sexpr ::= * LPAR members RPAR
          sexpr ::= * LBR bexpr RBR
          sexpr ::= * LBR bexpr col RBR
          ilist ::= * atom
          ilist ::= * sexpr
          ilist ::= * array
          list ::= list * unop_expr
          unop_expr ::= * ilist
          unop_expr ::= * ATOM_UNARY_OP ilist
     (32) bexpr ::= bexpr col list *
          arr_operand ::= * ATOM_SYMBOL
          arr_operand ::= * ATOM_STRING
          arr_operand ::= * sexpr
          array ::= * arr_operand LSQB list RSQB
          array ::= * array LSQB list RSQB

                   ATOM_SYMBOL shift  19
                     ATOM_BOOL shift  48
                     ATOM_CHAR shift  47
                   ATOM_SINT64 shift  46
                   ATOM_REAL64 shift  45
                   ATOM_STRING shift  18
                     CELL_FREE shift  43
                     CELL_PAIR shift  42
                   CELL_VECTOR shift  41
                    CELL_INDEX shift  40
                    CELL_APPLY shift  39
              CELL_ENVIRONMENT shift  38
                    CELL_FRAME shift  37
                          LPAR shift  2
                           LBR shift  1
                 ATOM_UNARY_OP shift  11
                          atom shift  33
                         sexpr shift  16
                         ilist shift  32
                         array shift  15
                     unop_expr shift  29
                   arr_operand shift  13
                     {default} reduce 32

State 10:
          atom ::= * ATOM_SYMBOL
          atom ::= * ATOM_BOOL
          atom ::= * ATOM_CHAR
          atom ::= * ATOM_SINT64
          atom ::= * ATOM_REAL64
          atom ::= * ATOM_STRING
          sexpr ::= * CELL_FREE
          sexpr ::= * CELL_PAIR
          sexpr ::= * CELL_VECTOR
          sexpr ::= * CELL_INDEX
          sexpr ::= * CELL_APPLY
          sexpr ::= * CELL_ENVIRONMENT
          sexpr ::= * CELL_FRAME
          sexpr ::= * LPAR members RPAR
          sexpr ::= * LBR bexpr RBR
          sexpr ::= * LBR bexpr col RBR
          ilist ::= * atom
          ilist ::= * sexpr
          ilist ::= * array
          unop_expr ::= * ilist
          unop_expr ::= * ATOM_UNARY_OP ilist
          binop_expr ::= unop_expr ATOM_BINARY_OP * unop_expr
          arr_operand ::= * ATOM_SYMBOL
          arr_operand ::= * ATOM_STRING
          arr_operand ::= * sexpr
          array ::= * arr_operand LSQB list RSQB
          array ::= * array LSQB list RSQB

                   ATOM_SYMBOL shift  19
                     ATOM_BOOL shift  48
                     ATOM_CHAR shift  47
                   ATOM_SINT64 shift  46
                   ATOM_REAL64 shift  45
                   ATOM_STRING shift  18
                     CELL_FREE shift  43
                     CELL_PAIR shift  42
                   CELL_VECTOR shift  41
                    CELL_INDEX shift  40
                    CELL_APPLY shift  39
              CELL_ENVIRONMENT shift  38
                    CELL_FRAME shift  37
                          LPAR shift  2
                           LBR shift  1
                 ATOM_UNARY_OP shift  11
                          atom shift  33
                         sexpr shift  16
                         ilist shift  32
                         array shift  15
                     unop_expr shift  27
                   arr_operand shift  13

State 11:
          atom ::= * ATOM_SYMBOL
          atom ::= * ATOM_BOOL
          atom ::= * ATOM_CHAR
          atom ::= * ATOM_SINT64
          atom ::= * ATOM_REAL64
          atom ::= * ATOM_STRING
          sexpr ::= * CELL_FREE
          sexpr ::= * CELL_PAIR
          sexpr ::= * CELL_VECTOR
          sexpr ::= * CELL_INDEX
          sexpr ::= * CELL_APPLY
          sexpr ::= * CELL_ENVIRONMENT
          sexpr ::= * CELL_FRAME
          sexpr ::= * LPAR members RPAR
          sexpr ::= * LBR bexpr RBR
          sexpr ::= * LBR bexpr col RBR
          ilist ::= * atom
          ilist ::= * sexpr
          ilist ::= * array
          unop_expr ::= ATOM_UNARY_OP * ilist
          arr_operand ::= * ATOM_SYMBOL
          arr_operand ::= * ATOM_STRING
          arr_operand ::= * sexpr
          array ::= * arr_operand LSQB list RSQB
          array ::= * array LSQB list RSQB

                   ATOM_SYMBOL shift  19
                     ATOM_BOOL shift  48
                     ATOM_CHAR shift  47
                   ATOM_SINT64 shift  46
                   ATOM_REAL64 shift  45
                   ATOM_STRING shift  18
                     CELL_FREE shift  43
                     CELL_PAIR shift  42
                   CELL_VECTOR shift  41
                    CELL_INDEX shift  40
                    CELL_APPLY shift  39
              CELL_ENVIRONMENT shift  38
                    CELL_FRAME shift  37
                          LPAR shift  2
                           LBR shift  1
                          atom shift  33
                         sexpr shift  16
                         ilist shift  31
                         array shift  15
                   arr_operand shift  13

State 12:
          sexpr ::= LBR bexpr * RBR
          sexpr ::= LBR bexpr * col RBR
          col ::= * COL
          col ::= * col COL
          bexpr ::= bexpr * col list

                           RBR shift  35
                           COL shift  24
                           col shift  3

State 13:
          array ::= arr_operand * LSQB list RSQB

                          LSQB shift  4

State 14:
     (21) list ::= unop_expr *
          binop_expr ::= unop_expr * ATOM_BINARY_OP unop_expr

                ATOM_BINARY_OP shift  10
                     {default} reduce 21

State 15:
     (20) ilist ::= array *
          array ::= array * LSQB list RSQB

                          LSQB shift  5
                     {default} reduce 20

State 16:
     (19) ilist ::= sexpr *
     (36) arr_operand ::= sexpr *

                          LSQB reduce 36
                     {default} reduce 19

State 17:
          sexpr ::= LPAR members * RPAR

                          RPAR shift  36

State 18:
      (7) atom ::= ATOM_STRING *
     (35) arr_operand ::= ATOM_STRING *

                          LSQB reduce 35
                     {default} reduce 7

State 19:
      (2) atom ::= ATOM_SYMBOL *
     (34) arr_operand ::= ATOM_SYMBOL *

                          LSQB reduce 34
                     {default} reduce 2

State 20:
      (1) program ::= sexpr *

                             $ reduce 1

State 21:
      (0) program ::= atom *

                             $ reduce 0

State 22:
     (33) bexpr ::= error *

                     {default} reduce 33

State 23:
     (31) bexpr ::= members *

                     {default} reduce 31

State 24:
     (29) col ::= COL *

                     {default} reduce 29

State 25:
     (30) col ::= col COL *

                     {default} reduce 30

State 26:
     (38) array ::= array LSQB list RSQB *

                     {default} reduce 38

State 27:
     (28) binop_expr ::= unop_expr ATOM_BINARY_OP unop_expr *

                     {default} reduce 28

State 28:
     (37) array ::= arr_operand LSQB list RSQB *

                     {default} reduce 37

State 29:
     (23) list ::= list unop_expr *

                     {default} reduce 23

State 30:
     (22) list ::= binop_expr *

                     {default} reduce 22

State 31:
     (27) unop_expr ::= ATOM_UNARY_OP ilist *

                     {default} reduce 27

State 32:
     (26) unop_expr ::= ilist *

                     {default} reduce 26

State 33:
     (18) ilist ::= atom *

                     {default} reduce 18

State 34:
     (17) sexpr ::= LBR bexpr col RBR *

                     {default} reduce 17

State 35:
     (16) sexpr ::= LBR bexpr RBR *

                     {default} reduce 16

State 36:
     (15) sexpr ::= LPAR members RPAR *

                     {default} reduce 15

State 37:
     (14) sexpr ::= CELL_FRAME *

                     {default} reduce 14

State 38:
     (13) sexpr ::= CELL_ENVIRONMENT *

                     {default} reduce 13

State 39:
     (12) sexpr ::= CELL_APPLY *

                     {default} reduce 12

State 40:
     (11) sexpr ::= CELL_INDEX *

                     {default} reduce 11

State 41:
     (10) sexpr ::= CELL_VECTOR *

                     {default} reduce 10

State 42:
      (9) sexpr ::= CELL_PAIR *

                     {default} reduce 9

State 43:
      (8) sexpr ::= CELL_FREE *

                     {default} reduce 8

State 44:
      (7) atom ::= ATOM_STRING *

                     {default} reduce 7

State 45:
      (6) atom ::= ATOM_REAL64 *

                     {default} reduce 6

State 46:
      (5) atom ::= ATOM_SINT64 *

                     {default} reduce 5

State 47:
      (4) atom ::= ATOM_CHAR *

                     {default} reduce 4

State 48:
      (3) atom ::= ATOM_BOOL *

                     {default} reduce 3

State 49:
      (2) atom ::= ATOM_SYMBOL *

                     {default} reduce 2

----------------------------------------------------
Symbols:
    0: $:
    1: ATOM_SYMBOL
    2: ATOM_BOOL
    3: ATOM_CHAR
    4: ATOM_SINT64
    5: ATOM_REAL64
    6: ATOM_STRING
    7: CELL_FREE
    8: CELL_PAIR
    9: CELL_VECTOR
   10: CELL_INDEX
   11: CELL_APPLY
   12: CELL_ENVIRONMENT
   13: CELL_FRAME
   14: LPAR
   15: RPAR
   16: LBR
   17: RBR
   18: ATOM_UNARY_OP
   19: ATOM_BINARY_OP
   20: COL
   21: LSQB
   22: RSQB
   23: error:
   24: cell:
   25: program: ATOM_SYMBOL ATOM_BOOL ATOM_CHAR ATOM_SINT64 ATOM_REAL64 ATOM_STRING CELL_FREE CELL_PAIR CELL_VECTOR CELL_INDEX CELL_APPLY CELL_ENVIRONMENT CELL_FRAME LPAR LBR
   26: cell_list:
   27: atom: ATOM_SYMBOL ATOM_BOOL ATOM_CHAR ATOM_SINT64 ATOM_REAL64 ATOM_STRING
   28: sexpr: CELL_FREE CELL_PAIR CELL_VECTOR CELL_INDEX CELL_APPLY CELL_ENVIRONMENT CELL_FRAME LPAR LBR
   29: members: <lambda> ATOM_SYMBOL ATOM_BOOL ATOM_CHAR ATOM_SINT64 ATOM_REAL64 ATOM_STRING CELL_FREE CELL_PAIR CELL_VECTOR CELL_INDEX CELL_APPLY CELL_ENVIRONMENT CELL_FRAME LPAR LBR ATOM_UNARY_OP
   30: bexpr: <lambda> ATOM_SYMBOL ATOM_BOOL ATOM_CHAR ATOM_SINT64 ATOM_REAL64 ATOM_STRING CELL_FREE CELL_PAIR CELL_VECTOR CELL_INDEX CELL_APPLY CELL_ENVIRONMENT CELL_FRAME LPAR LBR ATOM_UNARY_OP COL
   31: col: COL
   32: ilist: ATOM_SYMBOL ATOM_BOOL ATOM_CHAR ATOM_SINT64 ATOM_REAL64 ATOM_STRING CELL_FREE CELL_PAIR CELL_VECTOR CELL_INDEX CELL_APPLY CELL_ENVIRONMENT CELL_FRAME LPAR LBR
   33: array: ATOM_SYMBOL ATOM_STRING CELL_FREE CELL_PAIR CELL_VECTOR CELL_INDEX CELL_APPLY CELL_ENVIRONMENT CELL_FRAME LPAR LBR
   34: list: ATOM_SYMBOL ATOM_BOOL ATOM_CHAR ATOM_SINT64 ATOM_REAL64 ATOM_STRING CELL_FREE CELL_PAIR CELL_VECTOR CELL_INDEX CELL_APPLY CELL_ENVIRONMENT CELL_FRAME LPAR LBR ATOM_UNARY_OP
   35: unop_expr: ATOM_SYMBOL ATOM_BOOL ATOM_CHAR ATOM_SINT64 ATOM_REAL64 ATOM_STRING CELL_FREE CELL_PAIR CELL_VECTOR CELL_INDEX CELL_APPLY CELL_ENVIRONMENT CELL_FRAME LPAR LBR ATOM_UNARY_OP
   36: binop_expr: ATOM_SYMBOL ATOM_BOOL ATOM_CHAR ATOM_SINT64 ATOM_REAL64 ATOM_STRING CELL_FREE CELL_PAIR CELL_VECTOR CELL_INDEX CELL_APPLY CELL_ENVIRONMENT CELL_FRAME LPAR LBR ATOM_UNARY_OP
   37: arr_operand: ATOM_SYMBOL ATOM_STRING CELL_FREE CELL_PAIR CELL_VECTOR CELL_INDEX CELL_APPLY CELL_ENVIRONMENT CELL_FRAME LPAR LBR
